 
Thu 05/23/2019-20:55:39.11 
benvenuto 
uninstall 
 
Thu 05/23/2019-21:15:23.47 
benvenuto 
lista 
conferma 
installa 
conferma 
conferma 
installa 
 
Thu 05/23/2019-21:18:04.98 
benvenuto 
lista 
conferma 
installa 
conferma 
conferma 
 
Thu 05/23/2019-21:20:27.82 
benvenuto 
lista 
configura 
agent 
configura 
agent 
 
Thu 05/23/2019-21:28:45.06 
benvenuto 
uninstall 
Tutti i servizi sono stati disintallati 
 
Thu 05/23/2019-21:29:09.68 
benvenuto 
lista 
configura 
agent 
lista installata 
configura 
agent 
lista installata 
 
Thu 05/23/2019-21:29:31.50 
benvenuto 
uninstall 
Tutti i servizi sono stati disintallati 
 
Thu 05/30/2019-17:45:13.48 
benvenuto 
installa 
conferma 
configura 
agent 
servizio installato 
 
Thu 05/30/2019-17:48:46.34 
benvenuto 
installa 
conferma 
configura 
agent 
servizio 6605_3185079251 installato 
 
Thu 05/30/2019-17:58:43.52 
benvenuto 
uninstall 
Tutti i servizi sono stati disintallati 
 
Thu 05/30/2019-18:08:43.50 
benvenuto 
profilo 
 
Fri 06/07/2019-17:33:08.57 
benvenuto 
installa 
conferma 
configura 
 
Fri 06/07/2019-17:37:37.53 
benvenuto 
installa 
conferma 
configura 
agent 
servizio 7225_3327811427 installato 
 
Sat 06/08/2019- 7:50:10.75 
benvenuto 
uninstall 
Servizio disinstallato correttamente 
 
Mon 06/10/2019- 8:50:50.52 
benvenuto 
profilo 
 
16/09/2019-18:17:40,81 
benvenuto 
profilo 
